<?xml version="1.0" encoding="UTF-8"?>
<!-- Generated by org.testng.reporters.JUnitReportReporter -->
<testsuite hostname="LAPTOP-6AI6NIGS" failures="0" tests="1" name="Gitpack.Demo1" time="0.007" errors="0" timestamp="2024-08-14T14:33:48 IST" skipped="0">
  <testcase classname="Gitpack.Demo1" name="reverese" time="0.007"/>
  <system-out/>
</testsuite> <!-- Gitpack.Demo1 -->
